Arguments: 
  /usr/local/bin/node /Users/justinmckenzie/.node/corepack/yarn/1.22.15/bin/yarn.js config get npmRegistryServer

PATH: 
  /Users/justinmckenzie/Dev/nyt-crossword-app/node_modules/.bin:/Users/justinmckenzie/Dev/node_modules/.bin:/Users/justinmckenzie/node_modules/.bin:/Users/node_modules/.bin:/node_modules/.bin:/usr/local/bin:/Users/justinmckenzie/Dev/nyt-crossword-app/server/venv/bin:/Users/justinmckenzie/.poetry/bin:/Library/Frameworks/Python.framework/Versions/3.10/bin:/Library/Frameworks/Python.framework/Versions/3.11/bin:/opt/homebrew/bin:/opt/homebrew/sbin:/usr/local/bin:/System/Cryptexes/App/usr/bin:/usr/bin:/bin:/usr/sbin:/sbin

Yarn version: 
  1.22.15

Node version: 
  16.15.1

Platform: 
  darwin arm64

Trace: 
  Error: Failed to replace env in config: ${NPM_AUTH}
      at /Users/justinmckenzie/.node/corepack/yarn/1.22.15/lib/cli.js:94928:13
      at String.replace (<anonymous>)
      at envReplace (/Users/justinmckenzie/.node/corepack/yarn/1.22.15/lib/cli.js:94923:16)
      at Function.normalizeConfig (/Users/justinmckenzie/.node/corepack/yarn/1.22.15/lib/cli.js:31930:69)
      at NpmRegistry.<anonymous> (/Users/justinmckenzie/.node/corepack/yarn/1.22.15/lib/cli.js:31960:34)
      at Generator.next (<anonymous>)
      at step (/Users/justinmckenzie/.node/corepack/yarn/1.22.15/lib/cli.js:310:30)
      at /Users/justinmckenzie/.node/corepack/yarn/1.22.15/lib/cli.js:321:13

npm manifest: 
  No manifest

yarn manifest: 
  No manifest

Lockfile: 
  No lockfile
